2023.12.02 17:49:48 INFO  Started: Metals version 1.1.0 in folders '/home/mak/programming_paradigms/l04' for client Visual Studio Code 1.84.2.[0m
2023.12.02 17:49:51 INFO  Running List(/home/mak/.local/share/coursier/bin/scala-cli, setup-ide, /home/mak/programming_paradigms/l04)[0m
2023.12.02 17:49:51 INFO  Attempting to connect to the build server...[0m
2023.12.02 17:49:51 INFO  Running BSP server List(/home/mak/.local/share/coursier/bin/.scala-cli.aux, bsp, --json-options, /home/mak/programming_paradigms/l04/.scala-build/ide-options-v2.json, /home/mak/programming_paradigms/l04)[0m
2023.12.02 17:49:51 INFO  tracing is disabled for protocol BSP, to enable tracing of incoming and outgoing JSON messages create an empty file at /home/mak/programming_paradigms/l04/.metals/bsp.trace.json or /home/mak/.cache/metals/bsp.trace.json[0m
2023.12.02 17:49:52 INFO  BSP server: Checking https://github.com/coursier/jvm-index/raw/master/index.json[0m
2023.12.02 17:49:52 INFO  BSP server: Checked https://github.com/coursier/jvm-index/raw/master/index.json[0m
2023.12.02 17:49:52 INFO  BSP server: Downloading https://github.com/coursier/jvm-index/raw/master/index.json[0m
2023.12.02 17:49:52 INFO  BSP server: Downloaded https://github.com/coursier/jvm-index/raw/master/index.json[0m
2023.12.02 17:49:52 INFO  BSP server: Starting compilation server[0m
2023.12.02 17:49:56 INFO  no build target found for /home/mak/programming_paradigms/l04/l04.scala. Using presentation compiler with project's scala-library version: 3.3.1[0m
2023.12.02 17:49:58 WARN  Could not find semantic tokens for: file:///home/mak/programming_paradigms/l04/l04.scala[0m
2023.12.02 17:49:58 INFO  BSP server: Checking https://repo1.maven.org/maven2/org/scala-lang/scala-library/[0m
2023.12.02 17:49:58 INFO  BSP server: Checked https://repo1.maven.org/maven2/org/scala-lang/scala-library/[0m
2023.12.02 17:49:58 INFO  BSP server: Checking https://repo1.maven.org/maven2/org/scala-lang/scala-library/maven-metadata.xml[0m
2023.12.02 17:49:58 INFO  BSP server: Checked https://repo1.maven.org/maven2/org/scala-lang/scala-library/maven-metadata.xml[0m
2023.12.02 17:49:58 INFO  BSP server: Checking https://repo1.maven.org/maven2/org/scala-lang/scala3-library_3/[0m
2023.12.02 17:49:58 INFO  BSP server: Checked https://repo1.maven.org/maven2/org/scala-lang/scala3-library_3/[0m
2023.12.02 17:49:58 INFO  BSP server: Downloading https://repo1.maven.org/maven2/org/scala-lang/scala3-library_3/[0m
2023.12.02 17:49:58 INFO  BSP server: Downloaded https://repo1.maven.org/maven2/org/scala-lang/scala3-library_3/[0m
2023.12.02 17:49:58 INFO  BSP server: Checking https://repo1.maven.org/maven2/org/scala-lang/scala3-library_3/maven-metadata.xml[0m
2023.12.02 17:49:58 INFO  BSP server: Checked https://repo1.maven.org/maven2/org/scala-lang/scala3-library_3/maven-metadata.xml[0m
2023.12.02 17:49:58 INFO  BSP server: Downloading https://repo1.maven.org/maven2/org/scala-lang/scala3-library_3/maven-metadata.xml[0m
2023.12.02 17:49:58 INFO  BSP server: Downloaded https://repo1.maven.org/maven2/org/scala-lang/scala3-library_3/maven-metadata.xml[0m
2023.12.02 17:49:59 INFO  time: Connected to build server in 7.73s[0m
2023.12.02 17:49:59 INFO  Connected to Build server: scala-cli v1.0.4[0m
2023.12.02 17:49:59 INFO  time: Imported build in 0.31s[0m
2023.12.02 17:50:00 INFO  compiling l04_bd2c96d2de (1 scala source)[0m
2023.12.02 17:50:03 INFO  time: indexed workspace in 4.05s[0m
2023.12.02 17:50:06 INFO  time: compiled l04_bd2c96d2de in 6.19s[0m
2023.12.02 17:50:08 WARN  Could not find semantic tokens for: file:///home/mak/programming_paradigms/l04/l04.scala[0m
2023.12.02 17:50:08 WARN  Could not find semantic tokens for: file:///home/mak/programming_paradigms/l04/l04.scala[0m
2023.12.02 17:50:59 WARN  Could not find semantic tokens for: file:///home/mak/programming_paradigms/l04/l04.scala[0m
2023.12.02 17:51:00 WARN  Could not find semantic tokens for: file:///home/mak/programming_paradigms/l04/l04.scala[0m
2023.12.02 17:51:04 WARN  Could not find semantic tokens for: file:///home/mak/programming_paradigms/l04/l04.scala[0m
2023.12.02 17:51:05 WARN  Could not find semantic tokens for: file:///home/mak/programming_paradigms/l04/l04.scala[0m
2023.12.02 17:51:05 WARN  Could not find semantic tokens for: file:///home/mak/programming_paradigms/l04/l04.scala[0m
2023.12.02 17:51:06 WARN  Could not find semantic tokens for: file:///home/mak/programming_paradigms/l04/l04.scala[0m
2023.12.02 17:51:08 WARN  Could not find semantic tokens for: file:///home/mak/programming_paradigms/l04/l04.scala[0m
2023.12.02 17:51:11 WARN  Could not find semantic tokens for: file:///home/mak/programming_paradigms/l04/l04.scala[0m
2023.12.02 17:51:14 WARN  Could not find semantic tokens for: file:///home/mak/programming_paradigms/l04/l04.scala[0m
2023.12.02 17:52:08 INFO  compiling l04_bd2c96d2de (1 scala source)[0m
Dec 02, 2023 5:52:09 PM org.eclipse.lsp4j.jsonrpc.RemoteEndpoint handleCancellation
WARNING: Unmatched cancel notification for request id 317
Dec 02, 2023 5:52:09 PM org.eclipse.lsp4j.jsonrpc.RemoteEndpoint handleCancellation
WARNING: Unmatched cancel notification for request id 324
2023.12.02 17:52:09 INFO  time: compiled l04_bd2c96d2de in 1.18s[0m
Dec 02, 2023 5:53:00 PM org.eclipse.lsp4j.jsonrpc.RemoteEndpoint handleCancellation
WARNING: Unmatched cancel notification for request id 348
2023.12.02 17:53:04 INFO  compiling l04_bd2c96d2de (1 scala source)[0m
2023.12.02 17:53:04 INFO  time: compiled l04_bd2c96d2de in 0.42s[0m
2023.12.02 17:55:17 INFO  compiling l04_bd2c96d2de (1 scala source)[0m
2023.12.02 17:55:17 INFO  time: compiled l04_bd2c96d2de in 0.32s[0m
Dec 02, 2023 5:55:35 PM org.eclipse.lsp4j.jsonrpc.RemoteEndpoint handleCancellation
WARNING: Unmatched cancel notification for request id 515
2023.12.02 17:55:36 INFO  compiling l04_bd2c96d2de (1 scala source)[0m
2023.12.02 17:55:36 INFO  time: compiled l04_bd2c96d2de in 0.28s[0m
Dec 02, 2023 5:55:48 PM org.eclipse.lsp4j.jsonrpc.RemoteEndpoint handleCancellation
WARNING: Unmatched cancel notification for request id 547
2023.12.02 17:55:52 INFO  compiling l04_bd2c96d2de (1 scala source)[0m
2023.12.02 17:55:52 INFO  time: compiled l04_bd2c96d2de in 0.24s[0m
2023.12.02 17:56:02 INFO  compiling l04_bd2c96d2de (1 scala source)[0m
2023.12.02 17:56:04 INFO  time: compiled l04_bd2c96d2de in 2.26s[0m
2023.12.02 17:56:06 INFO  compiling l04_bd2c96d2de (1 scala source)[0m
2023.12.02 17:56:06 INFO  time: compiled l04_bd2c96d2de in 0.86s[0m
2023.12.02 17:56:10 INFO  compiling l04_bd2c96d2de (1 scala source)[0m
2023.12.02 17:56:10 INFO  time: compiled l04_bd2c96d2de in 0.79s[0m
2023.12.02 17:56:11 INFO  compiling l04_bd2c96d2de (1 scala source)[0m
2023.12.02 17:56:11 INFO  time: compiled l04_bd2c96d2de in 0.71s[0m
2023.12.02 17:56:17 INFO  compiling l04_bd2c96d2de (1 scala source)[0m
2023.12.02 17:56:17 INFO  time: compiled l04_bd2c96d2de in 0.53s[0m
2023.12.02 17:56:19 INFO  compiling l04_bd2c96d2de (1 scala source)[0m
2023.12.02 17:56:19 INFO  time: compiled l04_bd2c96d2de in 0.53s[0m
2023.12.02 17:56:59 INFO  compiling l04_bd2c96d2de (1 scala source)[0m
2023.12.02 17:56:59 INFO  time: compiled l04_bd2c96d2de in 0.28s[0m
2023.12.02 17:58:37 INFO  compiling l04_bd2c96d2de (1 scala source)[0m
2023.12.02 17:58:37 INFO  time: compiled l04_bd2c96d2de in 0.2s[0m
2023.12.02 17:58:58 INFO  compiling l04_bd2c96d2de (1 scala source)[0m
2023.12.02 17:58:58 INFO  time: compiled l04_bd2c96d2de in 0.18s[0m
2023.12.02 18:00:10 INFO  compiling l04_bd2c96d2de (1 scala source)[0m
2023.12.02 18:00:10 INFO  time: compiled l04_bd2c96d2de in 0.8s[0m
2023.12.02 18:00:40 INFO  compiling l04_bd2c96d2de (1 scala source)[0m
2023.12.02 18:00:40 INFO  time: compiled l04_bd2c96d2de in 0.2s[0m
Dec 02, 2023 6:00:49 PM org.eclipse.lsp4j.jsonrpc.RemoteEndpoint handleCancellation
WARNING: Unmatched cancel notification for request id 1120
2023.12.02 18:01:21 INFO  compiling l04_bd2c96d2de (1 scala source)[0m
2023.12.02 18:01:21 INFO  time: compiled l04_bd2c96d2de in 0.17s[0m
2023.12.02 18:01:25 INFO  compiling l04_bd2c96d2de (1 scala source)[0m
2023.12.02 18:01:25 INFO  time: compiled l04_bd2c96d2de in 0.16s[0m
2023.12.02 18:01:41 INFO  compiling l04_bd2c96d2de (1 scala source)[0m
2023.12.02 18:01:41 INFO  time: compiled l04_bd2c96d2de in 0.14s[0m
2023.12.02 18:01:49 INFO  compiling l04_bd2c96d2de (1 scala source)[0m
2023.12.02 18:01:49 INFO  time: compiled l04_bd2c96d2de in 0.13s[0m
2023.12.02 18:01:58 INFO  compiling l04_bd2c96d2de (1 scala source)[0m
2023.12.02 18:01:58 INFO  time: compiled l04_bd2c96d2de in 0.74s[0m
2023.12.02 18:02:17 INFO  compiling l04_bd2c96d2de (1 scala source)[0m
2023.12.02 18:02:17 INFO  time: compiled l04_bd2c96d2de in 0.57s[0m
2023.12.02 18:02:26 INFO  compiling l04_bd2c96d2de (1 scala source)[0m
2023.12.02 18:02:26 WARN  Could not load snapshot text for /home/mak/programming_paradigms/l04/l04.scala[0m
2023.12.02 18:02:26 INFO  time: compiled l04_bd2c96d2de in 0.53s[0m
Dec 02, 2023 6:02:31 PM org.eclipse.lsp4j.jsonrpc.RemoteEndpoint handleCancellation
WARNING: Unmatched cancel notification for request id 1697
Dec 02, 2023 6:02:37 PM org.eclipse.lsp4j.jsonrpc.RemoteEndpoint handleCancellation
WARNING: Unmatched cancel notification for request id 1737
2023.12.02 18:02:38 INFO  compiling l04_bd2c96d2de (1 scala source)[0m
2023.12.02 18:02:38 INFO  time: compiled l04_bd2c96d2de in 0.15s[0m
2023.12.02 18:02:57 INFO  compiling l04_bd2c96d2de (1 scala source)[0m
2023.12.02 18:02:57 INFO  time: compiled l04_bd2c96d2de in 0.17s[0m
2023.12.02 18:02:57 INFO  compiling l04_bd2c96d2de (1 scala source)[0m
2023.12.02 18:02:58 INFO  time: compiled l04_bd2c96d2de in 0.13s[0m
2023.12.02 18:04:13 INFO  compiling l04_bd2c96d2de (1 scala source)[0m
2023.12.02 18:04:13 INFO  time: compiled l04_bd2c96d2de in 0.18s[0m
Dec 02, 2023 6:05:09 PM org.eclipse.lsp4j.jsonrpc.RemoteEndpoint handleCancellation
WARNING: Unmatched cancel notification for request id 2078
Dec 02, 2023 6:05:22 PM org.eclipse.lsp4j.jsonrpc.RemoteEndpoint handleCancellation
WARNING: Unmatched cancel notification for request id 2222
2023.12.02 18:05:23 INFO  compiling l04_bd2c96d2de (1 scala source)[0m
2023.12.02 18:05:23 INFO  time: compiled l04_bd2c96d2de in 0.89s[0m
2023.12.02 18:05:32 INFO  compiling l04_bd2c96d2de (1 scala source)[0m
2023.12.02 18:05:32 INFO  time: compiled l04_bd2c96d2de in 0.17s[0m
2023.12.02 18:05:50 INFO  compiling l04_bd2c96d2de (1 scala source)[0m
2023.12.02 18:05:50 INFO  time: compiled l04_bd2c96d2de in 0.17s[0m
2023.12.02 18:05:59 INFO  compiling l04_bd2c96d2de (1 scala source)[0m
2023.12.02 18:05:59 INFO  time: compiled l04_bd2c96d2de in 0.65s[0m
Dec 02, 2023 6:06:15 PM org.eclipse.lsp4j.jsonrpc.RemoteEndpoint handleCancellation
WARNING: Unmatched cancel notification for request id 2327
Dec 02, 2023 6:06:15 PM org.eclipse.lsp4j.jsonrpc.RemoteEndpoint handleCancellation
WARNING: Unmatched cancel notification for request id 2328
java.lang.AssertionError: assertion failed while typechecking /home/mak/programming_paradigms/l04/l04.scala
Dec 02, 2023 6:06:35 PM scala.meta.internal.pc.CompilerAccess handleError
SEVERE: A severe compiler error occurred, full details of the error can be found in the error report /home/mak/programming_paradigms/l04/.metals/.reports/metals-full/2023-12-02/r_compiler-error_(l04_bd2c96d2de)_18-06-35-830.md
java.lang.AssertionError: assertion failed while typechecking /home/mak/programming_paradigms/l04/l04.scala
Dec 02, 2023 6:06:36 PM scala.meta.internal.pc.CompilerAccess handleError
SEVERE: A severe compiler error occurred, full details of the error can be found in the error report /home/mak/programming_paradigms/l04/.metals/.reports/metals-full/2023-12-02/r_compiler-error_(l04_bd2c96d2de)_18-06-36-003.md
2023.12.02 18:06:36 INFO  compiling l04_bd2c96d2de (1 scala source)[0m
2023.12.02 18:06:36 INFO  time: compiled l04_bd2c96d2de in 0.7s[0m
2023.12.02 18:06:39 INFO  compiling l04_bd2c96d2de (1 scala source)[0m
2023.12.02 18:06:39 INFO  time: compiled l04_bd2c96d2de in 0.58s[0m
Dec 02, 2023 6:06:48 PM org.eclipse.lsp4j.jsonrpc.RemoteEndpoint handleCancellation
WARNING: Unmatched cancel notification for request id 2379
2023.12.02 18:07:06 INFO  compiling l04_bd2c96d2de (1 scala source)[0m
2023.12.02 18:07:06 INFO  time: compiled l04_bd2c96d2de in 0.61s[0m
Dec 02, 2023 6:40:09 PM org.eclipse.lsp4j.jsonrpc.RemoteEndpoint handleCancellation
WARNING: Unmatched cancel notification for request id 2568
Dec 02, 2023 6:44:41 PM org.eclipse.lsp4j.jsonrpc.services.GenericEndpoint notify
INFO: Unsupported notification method: $/setTrace
Dec 02, 2023 7:04:18 PM org.eclipse.lsp4j.jsonrpc.services.GenericEndpoint notify
INFO: Unsupported notification method: $/setTrace
2023.12.02 19:37:23 INFO  compiling l04_bd2c96d2de (1 scala source)[0m
2023.12.02 19:37:23 INFO  time: compiled l04_bd2c96d2de in 0.23s[0m
Dec 02, 2023 7:37:46 PM org.eclipse.lsp4j.jsonrpc.RemoteEndpoint handleCancellation
WARNING: Unmatched cancel notification for request id 2835
2023.12.02 19:38:37 INFO  compiling l04_bd2c96d2de (1 scala source)[0m
2023.12.02 19:38:37 INFO  time: compiled l04_bd2c96d2de in 0.75s[0m
2023.12.02 19:38:56 INFO  compiling l04_bd2c96d2de (1 scala source)[0m
2023.12.02 19:38:56 INFO  time: compiled l04_bd2c96d2de in 0.66s[0m
2023.12.02 19:38:59 INFO  compiling l04_bd2c96d2de (1 scala source)[0m
2023.12.02 19:38:59 INFO  time: compiled l04_bd2c96d2de in 0.28s[0m
2023.12.02 19:39:03 INFO  compiling l04_bd2c96d2de (1 scala source)[0m
2023.12.02 19:39:03 INFO  time: compiled l04_bd2c96d2de in 0.2s[0m
2023.12.02 19:39:04 INFO  compiling l04_bd2c96d2de (1 scala source)[0m
2023.12.02 19:39:04 INFO  time: compiled l04_bd2c96d2de in 0.18s[0m
Dec 02, 2023 7:39:55 PM org.eclipse.lsp4j.jsonrpc.RemoteEndpoint handleCancellation
WARNING: Unmatched cancel notification for request id 3256
Dec 02, 2023 7:39:55 PM org.eclipse.lsp4j.jsonrpc.RemoteEndpoint handleCancellation
WARNING: Unmatched cancel notification for request id 3258
2023.12.02 19:40:06 INFO  compiling l04_bd2c96d2de (1 scala source)[0m
2023.12.02 19:40:06 INFO  time: compiled l04_bd2c96d2de in 0.72s[0m
2023.12.02 19:40:15 INFO  compiling l04_bd2c96d2de (1 scala source)[0m
2023.12.02 19:40:15 INFO  time: compiled l04_bd2c96d2de in 0.14s[0m
2023.12.02 19:40:19 INFO  compiling l04_bd2c96d2de (1 scala source)[0m
2023.12.02 19:40:19 INFO  time: compiled l04_bd2c96d2de in 0.66s[0m
2023.12.02 19:40:52 INFO  compiling l04_bd2c96d2de (1 scala source)[0m
2023.12.02 19:40:52 INFO  time: compiled l04_bd2c96d2de in 0.48s[0m
Dec 02, 2023 7:41:31 PM org.eclipse.lsp4j.jsonrpc.RemoteEndpoint handleCancellation
WARNING: Unmatched cancel notification for request id 3401
2023.12.02 19:43:02 INFO  compiling l04_bd2c96d2de (1 scala source)[0m
2023.12.02 19:43:02 INFO  time: compiled l04_bd2c96d2de in 0.27s[0m
Dec 02, 2023 7:43:04 PM scala.meta.internal.pc.CompilerAccess handleError
SEVERE: A severe compiler error occurred, full details of the error can be found in the error report /home/mak/programming_paradigms/l04/.metals/.reports/metals-full/2023-12-02/r_compiler-error_(l04_bd2c96d2de)_19-43-04-908.md
Dec 02, 2023 7:43:05 PM scala.meta.internal.pc.CompilerAccess handleError
SEVERE: A severe compiler error occurred, full details of the error can be found in the error report /home/mak/programming_paradigms/l04/.metals/.reports/metals-full/2023-12-02/r_compiler-error_(l04_bd2c96d2de)_19-43-05-255.md
2023.12.02 19:43:06 ERROR Failed to tokenize input for semantic tokens for /home/mak/programming_paradigms/l04/l04.scala
scala.meta.tokenizers.TokenizeException: <input>:39: error: Invalid literal number
            printTree3(l, lvl+1j)
                              ^
	at scala.meta.internal.tokenizers.Reporter.syntaxError(Reporter.scala:23)
	at scala.meta.internal.tokenizers.Reporter.syntaxError$(Reporter.scala:23)
	at scala.meta.internal.tokenizers.Reporter$$anon$1.syntaxError(Reporter.scala:33)
	at scala.meta.internal.tokenizers.Reporter.syntaxError(Reporter.scala:25)
	at scala.meta.internal.tokenizers.Reporter.syntaxError$(Reporter.scala:25)
	at scala.meta.internal.tokenizers.Reporter$$anon$1.syntaxError(Reporter.scala:33)
	at scala.meta.internal.tokenizers.LegacyScanner.checkNoLetter(LegacyScanner.scala:820)
	at scala.meta.internal.tokenizers.LegacyScanner.restOfUncertainToken$1(LegacyScanner.scala:864)
	at scala.meta.internal.tokenizers.LegacyScanner.getNumber(LegacyScanner.scala:872)
	at scala.meta.internal.tokenizers.LegacyScanner.fetchToken(LegacyScanner.scala:335)
	at scala.meta.internal.tokenizers.LegacyScanner.nextToken(LegacyScanner.scala:211)
	at scala.meta.internal.tokenizers.LegacyScanner.foreach(LegacyScanner.scala:1011)
	at scala.meta.internal.tokenizers.ScalametaTokenizer.uncachedTokenize(ScalametaTokenizer.scala:24)
	at scala.meta.internal.tokenizers.ScalametaTokenizer.$anonfun$tokenize$1(ScalametaTokenizer.scala:17)
	at scala.collection.concurrent.TrieMap.getOrElseUpdate(TrieMap.scala:962)
	at scala.meta.internal.tokenizers.ScalametaTokenizer.tokenize(ScalametaTokenizer.scala:17)
	at scala.meta.internal.tokenizers.ScalametaTokenizer$$anon$2.apply(ScalametaTokenizer.scala:332)
	at scala.meta.tokenizers.Api$XtensionTokenizeDialectInput.tokenize(Api.scala:25)
	at scala.meta.tokenizers.Api$XtensionTokenizeInputLike.tokenize(Api.scala:14)
	at scala.meta.internal.metals.SemanticTokensProvider$.getTokens(SemanticTokensProvider.scala:28)
	at scala.meta.internal.metals.SemanticTokensProvider$.provide(SemanticTokensProvider.scala:89)
	at scala.meta.internal.metals.Compilers.$anonfun$semanticTokens$3(Compilers.scala:539)
	at scala.concurrent.impl.Promise$Transformation.run(Promise.scala:467)
	at java.util.concurrent.ThreadPoolExecutor.runWorker(ThreadPoolExecutor.java:1128)
	at java.util.concurrent.ThreadPoolExecutor$Worker.run(ThreadPoolExecutor.java:628)
	at java.lang.Thread.run(Thread.java:829)
[0m
Dec 02, 2023 7:43:08 PM scala.meta.internal.pc.CompilerAccess handleError
SEVERE: A severe compiler error occurred, full details of the error can be found in the error report /home/mak/programming_paradigms/l04/.metals/.reports/metals-full/2023-12-02/r_compiler-error_(l04_bd2c96d2de)_19-43-08-115.md
2023.12.02 19:43:09 ERROR Failed to tokenize input for semantic tokens for /home/mak/programming_paradigms/l04/l04.scala
scala.meta.tokenizers.TokenizeException: <input>:40: error: Invalid literal number
            printTree3(c, lvl+1j)
                              ^
	at scala.meta.internal.tokenizers.Reporter.syntaxError(Reporter.scala:23)
	at scala.meta.internal.tokenizers.Reporter.syntaxError$(Reporter.scala:23)
	at scala.meta.internal.tokenizers.Reporter$$anon$1.syntaxError(Reporter.scala:33)
	at scala.meta.internal.tokenizers.Reporter.syntaxError(Reporter.scala:25)
	at scala.meta.internal.tokenizers.Reporter.syntaxError$(Reporter.scala:25)
	at scala.meta.internal.tokenizers.Reporter$$anon$1.syntaxError(Reporter.scala:33)
	at scala.meta.internal.tokenizers.LegacyScanner.checkNoLetter(LegacyScanner.scala:820)
	at scala.meta.internal.tokenizers.LegacyScanner.restOfUncertainToken$1(LegacyScanner.scala:864)
	at scala.meta.internal.tokenizers.LegacyScanner.getNumber(LegacyScanner.scala:872)
	at scala.meta.internal.tokenizers.LegacyScanner.fetchToken(LegacyScanner.scala:335)
	at scala.meta.internal.tokenizers.LegacyScanner.nextToken(LegacyScanner.scala:211)
	at scala.meta.internal.tokenizers.LegacyScanner.foreach(LegacyScanner.scala:1011)
	at scala.meta.internal.tokenizers.ScalametaTokenizer.uncachedTokenize(ScalametaTokenizer.scala:24)
	at scala.meta.internal.tokenizers.ScalametaTokenizer.$anonfun$tokenize$1(ScalametaTokenizer.scala:17)
	at scala.collection.concurrent.TrieMap.getOrElseUpdate(TrieMap.scala:962)
	at scala.meta.internal.tokenizers.ScalametaTokenizer.tokenize(ScalametaTokenizer.scala:17)
	at scala.meta.internal.tokenizers.ScalametaTokenizer$$anon$2.apply(ScalametaTokenizer.scala:332)
	at scala.meta.tokenizers.Api$XtensionTokenizeDialectInput.tokenize(Api.scala:25)
	at scala.meta.tokenizers.Api$XtensionTokenizeInputLike.tokenize(Api.scala:14)
	at scala.meta.internal.metals.SemanticTokensProvider$.getTokens(SemanticTokensProvider.scala:28)
	at scala.meta.internal.metals.SemanticTokensProvider$.provide(SemanticTokensProvider.scala:89)
	at scala.meta.internal.metals.Compilers.$anonfun$semanticTokens$3(Compilers.scala:539)
	at scala.concurrent.impl.Promise$Transformation.run(Promise.scala:467)
	at java.util.concurrent.ThreadPoolExecutor.runWorker(ThreadPoolExecutor.java:1128)
	at java.util.concurrent.ThreadPoolExecutor$Worker.run(ThreadPoolExecutor.java:628)
	at java.lang.Thread.run(Thread.java:829)
[0m
Dec 02, 2023 7:43:11 PM scala.meta.internal.pc.CompilerAccess handleError
SEVERE: A severe compiler error occurred, full details of the error can be found in the error report /home/mak/programming_paradigms/l04/.metals/.reports/metals-full/2023-12-02/r_compiler-error_(l04_bd2c96d2de)_19-43-11-832.md
2023.12.02 19:43:13 INFO  compiling l04_bd2c96d2de (1 scala source)[0m
2023.12.02 19:43:13 INFO  time: compiled l04_bd2c96d2de in 0.19s[0m
2023.12.02 19:43:21 INFO  compiling l04_bd2c96d2de (1 scala source)[0m
2023.12.02 19:43:21 INFO  time: compiled l04_bd2c96d2de in 0.19s[0m
2023.12.02 19:44:09 INFO  compiling l04_bd2c96d2de (1 scala source)[0m
2023.12.02 19:44:09 INFO  time: compiled l04_bd2c96d2de in 0.69s[0m
2023.12.02 19:44:50 INFO  compiling l04_bd2c96d2de (1 scala source)[0m
2023.12.02 19:44:50 INFO  time: compiled l04_bd2c96d2de in 0.21s[0m
Dec 02, 2023 7:44:54 PM org.eclipse.lsp4j.jsonrpc.RemoteEndpoint handleCancellation
WARNING: Unmatched cancel notification for request id 4037
2023.12.02 19:45:10 INFO  compiling l04_bd2c96d2de (1 scala source)[0m
2023.12.02 19:45:10 INFO  time: compiled l04_bd2c96d2de in 0.17s[0m
2023.12.02 19:45:16 INFO  compiling l04_bd2c96d2de (1 scala source)[0m
2023.12.02 19:45:16 INFO  time: compiled l04_bd2c96d2de in 0.18s[0m
2023.12.02 19:45:19 INFO  compiling l04_bd2c96d2de (1 scala source)[0m
2023.12.02 19:45:19 INFO  time: compiled l04_bd2c96d2de in 0.2s[0m
2023.12.02 19:45:23 INFO  compiling l04_bd2c96d2de (1 scala source)[0m
2023.12.02 19:45:23 INFO  time: compiled l04_bd2c96d2de in 0.17s[0m
2023.12.02 19:45:27 INFO  compiling l04_bd2c96d2de (1 scala source)[0m
2023.12.02 19:45:27 INFO  time: compiled l04_bd2c96d2de in 0.16s[0m
2023.12.02 19:45:33 INFO  compiling l04_bd2c96d2de (1 scala source)[0m
2023.12.02 19:45:33 INFO  time: compiled l04_bd2c96d2de in 0.74s[0m
2023.12.02 19:45:36 INFO  compiling l04_bd2c96d2de (1 scala source)[0m
2023.12.02 19:45:36 INFO  time: compiled l04_bd2c96d2de in 0.53s[0m
2023.12.02 19:45:40 INFO  compiling l04_bd2c96d2de (1 scala source)[0m
2023.12.02 19:45:40 INFO  time: compiled l04_bd2c96d2de in 0.5s[0m
2023.12.02 19:45:45 INFO  compiling l04_bd2c96d2de (1 scala source)[0m
2023.12.02 19:45:45 INFO  time: compiled l04_bd2c96d2de in 0.63s[0m
2023.12.02 19:45:51 INFO  compiling l04_bd2c96d2de (1 scala source)[0m
2023.12.02 19:45:51 INFO  time: compiled l04_bd2c96d2de in 0.52s[0m
Dec 02, 2023 7:45:54 PM org.eclipse.lsp4j.jsonrpc.RemoteEndpoint handleCancellation
WARNING: Unmatched cancel notification for request id 4251
2023.12.02 19:45:57 INFO  compiling l04_bd2c96d2de (1 scala source)[0m
2023.12.02 19:45:57 INFO  time: compiled l04_bd2c96d2de in 0.44s[0m
2023.12.02 19:46:01 INFO  compiling l04_bd2c96d2de (1 scala source)[0m
2023.12.02 19:46:01 INFO  time: compiled l04_bd2c96d2de in 0.54s[0m
Dec 02, 2023 7:46:10 PM org.eclipse.lsp4j.jsonrpc.RemoteEndpoint handleCancellation
WARNING: Unmatched cancel notification for request id 4328
2023.12.02 19:46:15 INFO  compiling l04_bd2c96d2de (1 scala source)[0m
2023.12.02 19:46:15 INFO  time: compiled l04_bd2c96d2de in 0.5s[0m
2023.12.02 19:47:09 INFO  compiling l04_bd2c96d2de (1 scala source)[0m
2023.12.02 19:47:09 INFO  time: compiled l04_bd2c96d2de in 0.21s[0m
2023.12.02 19:47:17 INFO  compiling l04_bd2c96d2de (1 scala source)[0m
2023.12.02 19:47:17 INFO  time: compiled l04_bd2c96d2de in 0.52s[0m
