2023.10.11 00:29:51 INFO  Started: Metals version 1.0.1 in folders '/home/mak/programming_paradigms' for client Visual Studio Code 1.83.0.[0m
Oct 11, 2023 12:29:51 AM org.flywaydb.core.internal.license.VersionPrinter printVersionOnly
INFO: Flyway Community Edition 9.21.2 by Redgate
Oct 11, 2023 12:29:51 AM org.flywaydb.core.internal.license.VersionPrinter printVersion
INFO: See release notes here: https://rd.gt/416ObMi
Oct 11, 2023 12:29:51 AM org.flywaydb.core.internal.license.VersionPrinter printVersion
INFO: 
Oct 11, 2023 12:29:51 AM org.flywaydb.core.FlywayExecutor execute
INFO: Database: jdbc:h2:file:/home/mak/programming_paradigms/.metals/metals (H2 2.1)
Oct 11, 2023 12:29:51 AM org.flywaydb.core.internal.schemahistory.JdbcTableSchemaHistory allAppliedMigrations
INFO: Schema history table "PUBLIC"."flyway_schema_history" does not exist yet
Oct 11, 2023 12:29:51 AM org.flywaydb.core.internal.command.DbValidate validate
INFO: Successfully validated 4 migrations (execution time 00:00.010s)
Oct 11, 2023 12:29:51 AM org.flywaydb.core.internal.schemahistory.JdbcTableSchemaHistory create
INFO: Creating Schema History table "PUBLIC"."flyway_schema_history" ...
Oct 11, 2023 12:29:51 AM org.flywaydb.core.internal.command.DbMigrate migrateGroup
INFO: Current version of schema "PUBLIC": << Empty Schema >>
Oct 11, 2023 12:29:51 AM org.flywaydb.core.internal.command.DbMigrate doMigrateGroup
INFO: Migrating schema "PUBLIC" to version "1 - Create tables"
Oct 11, 2023 12:29:51 AM org.flywaydb.core.internal.command.DbMigrate doMigrateGroup
INFO: Migrating schema "PUBLIC" to version "2 - Server discovery"
Oct 11, 2023 12:29:51 AM org.flywaydb.core.internal.command.DbMigrate doMigrateGroup
INFO: Migrating schema "PUBLIC" to version "3 - Jar symbols"
Oct 11, 2023 12:29:51 AM org.flywaydb.core.internal.command.DbMigrate doMigrateGroup
INFO: Migrating schema "PUBLIC" to version "4 - Fingerprints"
Oct 11, 2023 12:29:51 AM org.flywaydb.core.internal.command.DbMigrate logSummary
INFO: Successfully applied 4 migrations to schema "PUBLIC", now at version v4 (execution time 00:00.014s)
2023.10.11 00:29:51 INFO  time: initialize in 0.41s[0m
2023.10.11 00:29:54 INFO  Running List(/home/mak/.local/share/coursier/bin/scala-cli, setup-ide, /home/mak/programming_paradigms)[0m
2023.10.11 00:29:54 INFO  Attempting to connect to the build server...[0m
2023.10.11 00:29:54 INFO  Running BSP server List(/home/mak/.local/share/coursier/bin/.scala-cli.aux, bsp, --json-options, /home/mak/programming_paradigms/.scala-build/ide-options-v2.json, /home/mak/programming_paradigms)[0m
2023.10.11 00:29:54 INFO  tracing is disabled for protocol BSP, to enable tracing of incoming and outgoing JSON messages create an empty file at /home/mak/programming_paradigms/.metals/bsp.trace.json or /home/mak/.cache/metals/bsp.trace.json[0m
2023.10.11 00:29:54 WARN  No build session currently active to reload.[0m
2023.10.11 00:29:54 INFO  BSP server: Starting compilation server[0m
2023.10.11 00:29:54 INFO  no build target found for /home/mak/programming_paradigms/c01/main.scala. Using presentation compiler with project's scala-library version: 3.3.0[0m
2023.10.11 00:29:56 INFO  time: Connected to build server in 1.81s[0m
2023.10.11 00:29:56 INFO  Connected to Build server: scala-cli v1.0.4[0m
2023.10.11 00:29:56 INFO  time: Imported build in 0.16s[0m
2023.10.11 00:29:56 INFO  compiling programming_paradigms_bd2c96d2de (1 scala source)[0m
2023.10.11 00:29:57 INFO  time: indexed workspace in 1.27s[0m
2023.10.11 00:29:59 INFO  time: compiled programming_paradigms_bd2c96d2de in 2.92s[0m
2023.10.11 00:31:08 INFO  compiling programming_paradigms_bd2c96d2de (1 scala source)[0m
2023.10.11 00:31:08 INFO  time: compiled programming_paradigms_bd2c96d2de in 0.79s[0m
2023.10.11 00:31:12 INFO  compiling programming_paradigms_bd2c96d2de (1 scala source)[0m
2023.10.11 00:31:12 INFO  time: compiled programming_paradigms_bd2c96d2de in 0.45s[0m
2023.10.11 00:31:25 INFO  compiling programming_paradigms_bd2c96d2de (1 scala source)[0m
2023.10.11 00:31:25 INFO  time: compiled programming_paradigms_bd2c96d2de in 0.36s[0m
2023.10.11 00:35:12 INFO  compiling programming_paradigms_bd2c96d2de (1 scala source)[0m
2023.10.11 00:35:12 INFO  time: compiled programming_paradigms_bd2c96d2de in 0.16s[0m
2023.10.11 00:38:19 INFO  compiling programming_paradigms_bd2c96d2de (1 scala source)[0m
2023.10.11 00:38:19 INFO  time: compiled programming_paradigms_bd2c96d2de in 0.38s[0m
2023.10.11 00:38:24 INFO  compiling programming_paradigms_bd2c96d2de (1 scala source)[0m
2023.10.11 00:38:24 INFO  time: compiled programming_paradigms_bd2c96d2de in 0.29s[0m
Oct 11, 2023 12:42:31 AM org.eclipse.lsp4j.jsonrpc.RemoteEndpoint handleCancellation
WARNING: Unmatched cancel notification for request id 262
2023.10.11 00:57:30 INFO  Shutting down server[0m
2023.10.11 00:57:30 INFO  shutting down Metals[0m
2023.10.11 00:57:30 INFO  BSP server: Oct 11, 2023 12:57:30 AM org.eclipse.lsp4j.jsonrpc.RemoteEndpoint handleNotification[0m
2023.10.11 00:57:30 INFO  Shut down connection with build server.[0m
2023.10.11 00:57:30 INFO  BSP server: WARNING: Notification threw an exception: {[0m
2023.10.11 00:57:30 INFO  BSP server:   "jsonrpc": "2.0",[0m
2023.10.11 00:57:30 INFO  BSP server:   "method": "build/exit",[0m
2023.10.11 00:57:30 INFO  BSP server:   "params": null[0m
2023.10.11 00:57:30 INFO  BSP server: }[0m
2023.10.11 00:57:30 INFO  BSP server: java.lang.RuntimeException: java.lang.reflect.InvocationTargetException[0m
2023.10.11 00:57:30 INFO  BSP server: 	at org.eclipse.lsp4j.jsonrpc.services.GenericEndpoint.lambda$null$0(GenericEndpoint.java:67)[0m
2023.10.11 00:57:30 INFO  BSP server: 	at org.eclipse.lsp4j.jsonrpc.services.GenericEndpoint.notify(GenericEndpoint.java:152)[0m
2023.10.11 00:57:30 INFO  BSP server: 	at org.eclipse.lsp4j.jsonrpc.RemoteEndpoint.handleNotification(RemoteEndpoint.java:220)[0m
2023.10.11 00:57:30 INFO  BSP server: 	at org.eclipse.lsp4j.jsonrpc.RemoteEndpoint.consume(RemoteEndpoint.java:187)[0m
2023.10.11 00:57:30 INFO  BSP server: 	at org.eclipse.lsp4j.jsonrpc.json.StreamMessageProducer.handleMessage(StreamMessageProducer.java:194)[0m
2023.10.11 00:57:30 INFO  BSP server: 	at org.eclipse.lsp4j.jsonrpc.json.StreamMessageProducer.listen(StreamMessageProducer.java:94)[0m
2023.10.11 00:57:30 INFO  BSP server: 	at org.eclipse.lsp4j.jsonrpc.json.ConcurrentMessageProcessor.run(ConcurrentMessageProcessor.java:113)[0m
2023.10.11 00:57:30 INFO  BSP server: 	at java.base@17.0.6/java.util.concurrent.Executors$RunnableAdapter.call(Executors.java:539)[0m
2023.10.11 00:57:30 INFO  BSP server: 	at java.base@17.0.6/java.util.concurrent.FutureTask.run(FutureTask.java:264)[0m
2023.10.11 00:57:30 INFO  BSP server: 	at java.base@17.0.6/java.util.concurrent.ThreadPoolExecutor.runWorker(ThreadPoolExecutor.java:1136)[0m
2023.10.11 00:57:30 INFO  BSP server: 	at java.base@17.0.6/java.util.concurrent.ThreadPoolExecutor$Worker.run(ThreadPoolExecutor.java:635)[0m
2023.10.11 00:57:30 INFO  BSP server: 	at java.base@17.0.6/java.lang.Thread.run(Thread.java:833)[0m
2023.10.11 00:57:30 INFO  BSP server: 	at com.oracle.svm.core.thread.PlatformThreads.threadStartRoutine(PlatformThreads.java:775)[0m
2023.10.11 00:57:30 INFO  BSP server: 	at com.oracle.svm.core.posix.thread.PosixPlatformThreads.pthreadStartRoutine(PosixPlatformThreads.java:203)[0m
2023.10.11 00:57:30 INFO  BSP server: Caused by: java.lang.reflect.InvocationTargetException[0m
2023.10.11 00:57:30 INFO  BSP server: 	at java.base@17.0.6/java.lang.reflect.Method.invoke(Method.java:568)[0m
2023.10.11 00:57:30 INFO  BSP server: 	at org.eclipse.lsp4j.jsonrpc.services.GenericEndpoint.lambda$null$0(GenericEndpoint.java:65)[0m
2023.10.11 00:57:30 INFO  BSP server: 	... 13 more[0m
2023.10.11 00:57:30 INFO  BSP server: Caused by: java.lang.RuntimeException: BSP server not initialized yet[0m
2023.10.11 00:57:30 INFO  BSP server: 	at scala.sys.package$.error(package.scala:27)[0m
2023.10.11 00:57:30 INFO  BSP server: 	at scala.build.bsp.BloopSession$Reference.get(BloopSession.scala:70)[0m
2023.10.11 00:57:30 INFO  BSP server: 	at scala.build.bsp.BspImpl.$anonfun$11(BspImpl.scala:477)[0m
2023.10.11 00:57:30 INFO  BSP server: 	at scala.build.bsp.BuildServerProxy.onBuildExit(BuildServerProxy.scala:29)[0m
2023.10.11 00:57:30 INFO  BSP server: 	... 15 more[0m
2023.10.11 00:57:30 INFO  BSP server: [0m
2023.10.11 00:57:30 INFO  Exiting server[0m
2023.10.12 21:08:54 INFO  Started: Metals version 1.0.1 in folders '/home/mak/programming_paradigms' for client Visual Studio Code 1.83.0.[0m
Oct 12, 2023 9:08:55 PM org.flywaydb.core.internal.license.VersionPrinter printVersionOnly
INFO: Flyway Community Edition 9.21.2 by Redgate
Oct 12, 2023 9:08:55 PM org.flywaydb.core.internal.license.VersionPrinter printVersion
INFO: See release notes here: https://rd.gt/416ObMi
Oct 12, 2023 9:08:55 PM org.flywaydb.core.internal.license.VersionPrinter printVersion
INFO: 
Oct 12, 2023 9:08:55 PM org.flywaydb.core.FlywayExecutor execute
INFO: Database: jdbc:h2:file:/home/mak/programming_paradigms/.metals/metals (H2 2.1)
Oct 12, 2023 9:08:55 PM org.flywaydb.core.internal.command.DbValidate validate
INFO: Successfully validated 4 migrations (execution time 00:00.019s)
Oct 12, 2023 9:08:55 PM org.flywaydb.core.internal.command.DbMigrate migrateGroup
INFO: Current version of schema "PUBLIC": 4
Oct 12, 2023 9:08:55 PM org.flywaydb.core.internal.command.DbMigrate logSummary
INFO: Schema "PUBLIC" is up to date. No migration necessary.
2023.10.12 21:08:55 INFO  time: initialize in 0.53s[0m
2023.10.12 21:08:56 INFO  Attempting to connect to the build server...[0m
2023.10.12 21:08:56 INFO  Running BSP server List(/home/mak/.local/share/coursier/bin/.scala-cli.aux, bsp, --json-options, /home/mak/programming_paradigms/.scala-build/ide-options-v2.json, /home/mak/programming_paradigms)[0m
2023.10.12 21:08:56 INFO  tracing is disabled for protocol BSP, to enable tracing of incoming and outgoing JSON messages create an empty file at /home/mak/programming_paradigms/.metals/bsp.trace.json or /home/mak/.cache/metals/bsp.trace.json[0m
2023.10.12 21:08:56 WARN  No build session currently active to reload.[0m
2023.10.12 21:08:57 INFO  BSP server: Checking https://github.com/coursier/jvm-index/raw/master/index.json[0m
2023.10.12 21:08:57 INFO  BSP server: Checked https://github.com/coursier/jvm-index/raw/master/index.json[0m
2023.10.12 21:08:57 INFO  BSP server: Downloading https://github.com/coursier/jvm-index/raw/master/index.json[0m
2023.10.12 21:08:57 INFO  BSP server: Downloaded https://github.com/coursier/jvm-index/raw/master/index.json[0m
2023.10.12 21:08:57 INFO  BSP server: Starting compilation server[0m
2023.10.12 21:09:00 INFO  BSP server: Checking https://repo1.maven.org/maven2/org/scala-lang/scala-library/[0m
2023.10.12 21:09:00 INFO  BSP server: Checked https://repo1.maven.org/maven2/org/scala-lang/scala-library/[0m
2023.10.12 21:09:00 INFO  BSP server: Checking https://repo1.maven.org/maven2/org/scala-lang/scala-library/maven-metadata.xml[0m
2023.10.12 21:09:00 INFO  BSP server: Checked https://repo1.maven.org/maven2/org/scala-lang/scala-library/maven-metadata.xml[0m
2023.10.12 21:09:00 INFO  BSP server: Checking https://repo1.maven.org/maven2/org/scala-lang/scala3-library_3/[0m
2023.10.12 21:09:00 INFO  BSP server: Checked https://repo1.maven.org/maven2/org/scala-lang/scala3-library_3/[0m
2023.10.12 21:09:00 INFO  BSP server: Downloading https://repo1.maven.org/maven2/org/scala-lang/scala3-library_3/[0m
2023.10.12 21:09:00 INFO  BSP server: Downloaded https://repo1.maven.org/maven2/org/scala-lang/scala3-library_3/[0m
2023.10.12 21:09:00 INFO  BSP server: Checking https://repo1.maven.org/maven2/org/scala-lang/scala3-library_3/maven-metadata.xml[0m
2023.10.12 21:09:00 INFO  BSP server: Checked https://repo1.maven.org/maven2/org/scala-lang/scala3-library_3/maven-metadata.xml[0m
2023.10.12 21:09:00 INFO  BSP server: Downloading https://repo1.maven.org/maven2/org/scala-lang/scala3-library_3/maven-metadata.xml[0m
2023.10.12 21:09:00 INFO  BSP server: Downloaded https://repo1.maven.org/maven2/org/scala-lang/scala3-library_3/maven-metadata.xml[0m
2023.10.12 21:09:00 INFO  time: Connected to build server in 3.98s[0m
2023.10.12 21:09:00 INFO  Connected to Build server: scala-cli v1.0.4[0m
2023.10.12 21:09:04 INFO  time: indexed workspace in 3.14s[0m
2023.10.12 21:09:34 INFO  Shutting down server[0m
2023.10.12 21:09:34 INFO  shutting down Metals[0m
2023.10.12 21:09:34 INFO  Shut down connection with build server.[0m
2023.10.12 21:09:34 INFO  Exiting server[0m
2023.10.22 00:18:20 INFO  Started: Metals version 1.1.0 in folders '/home/mak/programming_paradigms' for client Visual Studio Code 1.83.1.[0m
2023.10.22 00:18:22 INFO  Attempting to connect to the build server...[0m
2023.10.22 00:18:22 WARN  No build session currently active to reload.[0m
2023.10.22 00:18:22 INFO  Running BSP server List(/home/mak/.local/share/coursier/bin/.scala-cli.aux, bsp, --json-options, /home/mak/programming_paradigms/.scala-build/ide-options-v2.json, /home/mak/programming_paradigms)[0m
2023.10.22 00:18:22 INFO  tracing is disabled for protocol BSP, to enable tracing of incoming and outgoing JSON messages create an empty file at /home/mak/programming_paradigms/.metals/bsp.trace.json or /home/mak/.cache/metals/bsp.trace.json[0m
2023.10.22 00:18:22 INFO  BSP server: Checking https://github.com/coursier/jvm-index/raw/master/index.json[0m
2023.10.22 00:18:22 INFO  BSP server: Checked https://github.com/coursier/jvm-index/raw/master/index.json[0m
2023.10.22 00:18:22 INFO  BSP server: Downloading https://github.com/coursier/jvm-index/raw/master/index.json[0m
2023.10.22 00:18:22 INFO  BSP server: Downloaded https://github.com/coursier/jvm-index/raw/master/index.json[0m
2023.10.22 00:18:22 INFO  BSP server: Starting compilation server[0m
2023.10.22 00:18:25 INFO  BSP server: Checking https://repo1.maven.org/maven2/org/scala-lang/scala-library/[0m
2023.10.22 00:18:25 INFO  BSP server: Checked https://repo1.maven.org/maven2/org/scala-lang/scala-library/[0m
2023.10.22 00:18:25 INFO  BSP server: Checking https://repo1.maven.org/maven2/org/scala-lang/scala-library/maven-metadata.xml[0m
2023.10.22 00:18:25 INFO  BSP server: Checked https://repo1.maven.org/maven2/org/scala-lang/scala-library/maven-metadata.xml[0m
2023.10.22 00:18:25 INFO  BSP server: Checking https://repo1.maven.org/maven2/org/scala-lang/scala3-library_3/[0m
2023.10.22 00:18:25 INFO  BSP server: Checked https://repo1.maven.org/maven2/org/scala-lang/scala3-library_3/[0m
2023.10.22 00:18:25 INFO  BSP server: Downloading https://repo1.maven.org/maven2/org/scala-lang/scala3-library_3/[0m
2023.10.22 00:18:25 INFO  BSP server: Downloaded https://repo1.maven.org/maven2/org/scala-lang/scala3-library_3/[0m
2023.10.22 00:18:25 INFO  BSP server: Checking https://repo1.maven.org/maven2/org/scala-lang/scala3-library_3/maven-metadata.xml[0m
2023.10.22 00:18:25 INFO  BSP server: Checked https://repo1.maven.org/maven2/org/scala-lang/scala3-library_3/maven-metadata.xml[0m
2023.10.22 00:18:25 INFO  BSP server: Downloading https://repo1.maven.org/maven2/org/scala-lang/scala3-library_3/maven-metadata.xml[0m
2023.10.22 00:18:25 INFO  BSP server: Downloaded https://repo1.maven.org/maven2/org/scala-lang/scala3-library_3/maven-metadata.xml[0m
2023.10.22 00:18:25 INFO  time: Connected to build server in 3.67s[0m
2023.10.22 00:18:25 INFO  Connected to Build server: scala-cli v1.0.4[0m
2023.10.22 00:18:25 INFO  time: Imported build in 0.1s[0m
2023.10.22 00:18:26 INFO  compiling programming_paradigms_bd2c96d2de (1 scala source)[0m
2023.10.22 00:18:29 INFO  time: compiled programming_paradigms_bd2c96d2de in 3.01s[0m
2023.10.22 00:18:29 INFO  time: indexed workspace in 3.86s[0m
Oct 22, 2023 12:32:22 AM org.eclipse.lsp4j.jsonrpc.services.GenericEndpoint notify
INFO: Unsupported notification method: $/setTrace
2023.10.22 00:52:19 INFO  compiling programming_paradigms_bd2c96d2de (1 scala source)[0m
2023.10.22 00:52:19 INFO  time: compiled programming_paradigms_bd2c96d2de in 0.48s[0m
2023.10.22 00:52:20 INFO  compiling programming_paradigms_bd2c96d2de (1 scala source)[0m
2023.10.22 00:52:20 INFO  time: compiled programming_paradigms_bd2c96d2de in 0.37s[0m
Oct 22, 2023 12:52:25 AM org.eclipse.lsp4j.jsonrpc.RemoteEndpoint handleCancellation
WARNING: Unmatched cancel notification for request id 85
2023.10.22 00:52:37 INFO  compiling programming_paradigms_bd2c96d2de (1 scala source)[0m
2023.10.22 00:52:37 INFO  time: compiled programming_paradigms_bd2c96d2de in 0.31s[0m
2023.10.22 00:52:44 INFO  compiling programming_paradigms_bd2c96d2de (1 scala source)[0m
2023.10.22 00:52:44 INFO  time: compiled programming_paradigms_bd2c96d2de in 0.27s[0m
2023.10.22 00:52:50 INFO  compiling programming_paradigms_bd2c96d2de (1 scala source)[0m
2023.10.22 00:52:50 INFO  time: compiled programming_paradigms_bd2c96d2de in 92ms[0m
2023.10.22 00:52:51 INFO  compiling programming_paradigms_bd2c96d2de (1 scala source)[0m
2023.10.22 00:52:51 INFO  time: compiled programming_paradigms_bd2c96d2de in 0.27s[0m
2023.10.22 00:53:22 INFO  compiling programming_paradigms_bd2c96d2de (1 scala source)[0m
2023.10.22 00:53:22 INFO  time: compiled programming_paradigms_bd2c96d2de in 0.12s[0m
2023.10.22 00:53:30 INFO  compiling programming_paradigms_bd2c96d2de (1 scala source)[0m
2023.10.22 00:53:30 INFO  time: compiled programming_paradigms_bd2c96d2de in 0.27s[0m
Oct 22, 2023 12:53:32 AM org.eclipse.lsp4j.jsonrpc.RemoteEndpoint handleCancellation
WARNING: Unmatched cancel notification for request id 453
Oct 22, 2023 12:53:38 AM org.eclipse.lsp4j.jsonrpc.RemoteEndpoint handleCancellation
WARNING: Unmatched cancel notification for request id 463
2023.10.22 00:57:09 INFO  compiling programming_paradigms_bd2c96d2de (1 scala source)[0m
2023.10.22 00:57:09 INFO  time: compiled programming_paradigms_bd2c96d2de in 0.11s[0m
2023.10.22 00:57:11 INFO  compiling programming_paradigms_bd2c96d2de (1 scala source)[0m
2023.10.22 00:57:11 INFO  time: compiled programming_paradigms_bd2c96d2de in 0.27s[0m
2023.10.22 00:57:35 INFO  compiling programming_paradigms_bd2c96d2de (1 scala source)[0m
2023.10.22 00:57:35 INFO  time: compiled programming_paradigms_bd2c96d2de in 0.21s[0m
2023.10.22 00:57:42 INFO  compiling programming_paradigms_bd2c96d2de (1 scala source)[0m
2023.10.22 00:57:42 INFO  time: compiled programming_paradigms_bd2c96d2de in 0.2s[0m
2023.10.22 00:58:31 INFO  compiling programming_paradigms_bd2c96d2de (1 scala source)[0m
2023.10.22 00:58:31 INFO  time: compiled programming_paradigms_bd2c96d2de in 0.21s[0m
2023.10.22 00:59:27 INFO  compiling programming_paradigms_bd2c96d2de (1 scala source)[0m
2023.10.22 00:59:27 INFO  time: compiled programming_paradigms_bd2c96d2de in 0.22s[0m
Oct 22, 2023 12:59:44 AM org.eclipse.lsp4j.jsonrpc.RemoteEndpoint handleCancellation
WARNING: Unmatched cancel notification for request id 1054
2023.10.22 01:00:10 INFO  compiling programming_paradigms_bd2c96d2de (1 scala source)[0m
2023.10.22 01:00:10 INFO  time: compiled programming_paradigms_bd2c96d2de in 0.46s[0m
2023.10.22 01:00:31 INFO  compiling programming_paradigms_bd2c96d2de (1 scala source)[0m
2023.10.22 01:00:31 INFO  time: compiled programming_paradigms_bd2c96d2de in 0.3s[0m
2023.10.22 01:00:33 INFO  compiling programming_paradigms_bd2c96d2de (1 scala source)[0m
2023.10.22 01:00:33 INFO  time: compiled programming_paradigms_bd2c96d2de in 0.27s[0m
2023.10.22 01:00:46 INFO  compiling programming_paradigms_bd2c96d2de (1 scala source)[0m
2023.10.22 01:00:46 INFO  time: compiled programming_paradigms_bd2c96d2de in 0.23s[0m
2023.10.22 01:00:50 INFO  compiling programming_paradigms_bd2c96d2de (1 scala source)[0m
2023.10.22 01:00:50 INFO  time: compiled programming_paradigms_bd2c96d2de in 0.18s[0m
Oct 22, 2023 1:01:54 AM org.eclipse.lsp4j.jsonrpc.RemoteEndpoint handleCancellation
WARNING: Unmatched cancel notification for request id 1587
Oct 22, 2023 1:02:02 AM org.eclipse.lsp4j.jsonrpc.RemoteEndpoint handleCancellation
WARNING: Unmatched cancel notification for request id 1639
Oct 22, 2023 1:02:02 AM org.eclipse.lsp4j.jsonrpc.RemoteEndpoint handleCancellation
WARNING: Unmatched cancel notification for request id 1640
Oct 22, 2023 1:02:02 AM org.eclipse.lsp4j.jsonrpc.RemoteEndpoint handleCancellation
WARNING: Unmatched cancel notification for request id 1641
2023.10.22 01:02:16 INFO  compiling programming_paradigms_bd2c96d2de (1 scala source)[0m
2023.10.22 01:02:16 INFO  time: compiled programming_paradigms_bd2c96d2de in 97ms[0m
2023.10.22 01:02:27 INFO  compiling programming_paradigms_bd2c96d2de (1 scala source)[0m
2023.10.22 01:02:27 INFO  time: compiled programming_paradigms_bd2c96d2de in 0.21s[0m
2023.10.22 01:03:04 INFO  compiling programming_paradigms_bd2c96d2de (1 scala source)[0m
2023.10.22 01:03:04 INFO  time: compiled programming_paradigms_bd2c96d2de in 85ms[0m
2023.10.22 01:03:07 INFO  compiling programming_paradigms_bd2c96d2de (1 scala source)[0m
2023.10.22 01:03:07 INFO  time: compiled programming_paradigms_bd2c96d2de in 0.18s[0m
2023.10.22 01:03:14 INFO  compiling programming_paradigms_bd2c96d2de (1 scala source)[0m
2023.10.22 01:03:14 INFO  time: compiled programming_paradigms_bd2c96d2de in 72ms[0m
Oct 22, 2023 1:03:21 AM org.eclipse.lsp4j.jsonrpc.RemoteEndpoint handleCancellation
WARNING: Unmatched cancel notification for request id 2076
Oct 22, 2023 1:03:21 AM org.eclipse.lsp4j.jsonrpc.RemoteEndpoint handleCancellation
WARNING: Unmatched cancel notification for request id 2077
2023.10.22 01:03:23 INFO  compiling programming_paradigms_bd2c96d2de (1 scala source)[0m
2023.10.22 01:03:23 INFO  time: compiled programming_paradigms_bd2c96d2de in 77ms[0m
2023.10.22 01:03:28 INFO  compiling programming_paradigms_bd2c96d2de (1 scala source)[0m
2023.10.22 01:03:28 INFO  time: compiled programming_paradigms_bd2c96d2de in 64ms[0m
2023.10.22 01:03:43 INFO  compiling programming_paradigms_bd2c96d2de (1 scala source)[0m
2023.10.22 01:03:43 INFO  time: compiled programming_paradigms_bd2c96d2de in 74ms[0m
2023.10.22 01:04:10 INFO  compiling programming_paradigms_bd2c96d2de (1 scala source)[0m
2023.10.22 01:04:10 INFO  time: compiled programming_paradigms_bd2c96d2de in 70ms[0m
2023.10.22 01:04:27 INFO  compiling programming_paradigms_bd2c96d2de (1 scala source)[0m
2023.10.22 01:04:27 INFO  time: compiled programming_paradigms_bd2c96d2de in 66ms[0m
2023.10.22 01:04:40 INFO  compiling programming_paradigms_bd2c96d2de (1 scala source)[0m
2023.10.22 01:04:40 INFO  time: compiled programming_paradigms_bd2c96d2de in 61ms[0m
2023.10.22 01:04:45 INFO  compiling programming_paradigms_bd2c96d2de (1 scala source)[0m
2023.10.22 01:04:45 INFO  time: compiled programming_paradigms_bd2c96d2de in 61ms[0m
2023.10.22 01:04:57 INFO  compiling programming_paradigms_bd2c96d2de (1 scala source)[0m
2023.10.22 01:04:57 INFO  time: compiled programming_paradigms_bd2c96d2de in 0.17s[0m
Oct 22, 2023 1:05:00 AM org.eclipse.lsp4j.jsonrpc.RemoteEndpoint handleCancellation
WARNING: Unmatched cancel notification for request id 2399
2023.10.22 01:05:16 INFO  compiling programming_paradigms_bd2c96d2de (1 scala source)[0m
2023.10.22 01:05:16 INFO  time: compiled programming_paradigms_bd2c96d2de in 0.15s[0m
2023.10.22 01:06:01 INFO  compiling programming_paradigms_bd2c96d2de (1 scala source)[0m
2023.10.22 01:06:01 INFO  time: compiled programming_paradigms_bd2c96d2de in 0.19s[0m
2023.10.22 01:06:15 INFO  compiling programming_paradigms_bd2c96d2de (1 scala source)[0m
2023.10.22 01:06:15 INFO  time: compiled programming_paradigms_bd2c96d2de in 0.17s[0m
2023.10.22 01:11:15 INFO  compiling programming_paradigms_bd2c96d2de (1 scala source)[0m
2023.10.22 01:11:15 INFO  time: compiled programming_paradigms_bd2c96d2de in 0.18s[0m
2023.10.22 01:11:25 INFO  compiling programming_paradigms_bd2c96d2de (1 scala source)[0m
2023.10.22 01:11:25 INFO  time: compiled programming_paradigms_bd2c96d2de in 0.15s[0m
2023.10.22 01:16:57 INFO  compiling programming_paradigms_bd2c96d2de (1 scala source)[0m
2023.10.22 01:16:57 INFO  time: compiled programming_paradigms_bd2c96d2de in 0.18s[0m
2023.10.22 01:17:54 INFO  compiling programming_paradigms_bd2c96d2de (1 scala source)[0m
2023.10.22 01:17:54 INFO  time: compiled programming_paradigms_bd2c96d2de in 71ms[0m
2023.10.22 01:18:14 INFO  compiling programming_paradigms_bd2c96d2de (1 scala source)[0m
2023.10.22 01:18:14 INFO  time: compiled programming_paradigms_bd2c96d2de in 66ms[0m
2023.10.22 01:18:19 INFO  compiling programming_paradigms_bd2c96d2de (1 scala source)[0m
2023.10.22 01:18:19 INFO  time: compiled programming_paradigms_bd2c96d2de in 0.17s[0m
2023.10.22 01:18:20 INFO  compiling programming_paradigms_bd2c96d2de (1 scala source)[0m
2023.10.22 01:18:20 INFO  time: compiled programming_paradigms_bd2c96d2de in 61ms[0m
2023.10.22 01:18:22 INFO  compiling programming_paradigms_bd2c96d2de (1 scala source)[0m
2023.10.22 01:18:22 INFO  time: compiled programming_paradigms_bd2c96d2de in 59ms[0m
2023.10.22 01:18:24 INFO  compiling programming_paradigms_bd2c96d2de (1 scala source)[0m
2023.10.22 01:18:24 INFO  time: compiled programming_paradigms_bd2c96d2de in 56ms[0m
2023.10.22 01:18:25 INFO  compiling programming_paradigms_bd2c96d2de (1 scala source)[0m
2023.10.22 01:18:25 INFO  time: compiled programming_paradigms_bd2c96d2de in 0.13s[0m
2023.10.22 01:18:44 INFO  compiling programming_paradigms_bd2c96d2de (1 scala source)[0m
2023.10.22 01:18:44 INFO  time: compiled programming_paradigms_bd2c96d2de in 52ms[0m
2023.10.22 01:18:56 INFO  compiling programming_paradigms_bd2c96d2de (1 scala source)[0m
2023.10.22 01:18:56 INFO  time: compiled programming_paradigms_bd2c96d2de in 51ms[0m
2023.10.22 01:19:03 INFO  compiling programming_paradigms_bd2c96d2de (1 scala source)[0m
2023.10.22 01:19:03 INFO  time: compiled programming_paradigms_bd2c96d2de in 0.14s[0m
2023.10.22 01:19:36 INFO  compiling programming_paradigms_bd2c96d2de (1 scala source)[0m
2023.10.22 01:19:36 INFO  time: compiled programming_paradigms_bd2c96d2de in 70ms[0m
2023.10.22 01:19:48 INFO  compiling programming_paradigms_bd2c96d2de (1 scala source)[0m
2023.10.22 01:19:48 INFO  time: compiled programming_paradigms_bd2c96d2de in 0.17s[0m
2023.10.22 01:21:53 INFO  Disconnecting from scala-cli session...[0m
2023.10.22 01:21:53 INFO  Shut down connection with build server.[0m
2023.10.22 01:21:53 INFO  Attempting to connect to the build server...[0m
2023.10.22 01:21:53 INFO  Running BSP server List(/home/mak/.local/share/coursier/bin/.scala-cli.aux, bsp, --json-options, /home/mak/programming_paradigms/.scala-build/ide-options-v2.json, /home/mak/programming_paradigms)[0m
2023.10.22 01:21:53 INFO  tracing is disabled for protocol BSP, to enable tracing of incoming and outgoing JSON messages create an empty file at /home/mak/programming_paradigms/.metals/bsp.trace.json or /home/mak/.cache/metals/bsp.trace.json[0m
2023.10.22 01:21:53 INFO  time: Connected to build server in 0.34s[0m
2023.10.22 01:21:53 INFO  Connected to Build server: scala-cli v1.0.4[0m
2023.10.22 01:21:53 INFO  compiling programming_paradigms_bd2c96d2de (2 scala sources)[0m
2023.10.22 01:21:53 INFO  time: compiled programming_paradigms_bd2c96d2de in 0.16s[0m
2023.10.22 01:21:53 INFO  compiling programming_paradigms_bd2c96d2de (2 scala sources)[0m
2023.10.22 01:21:53 INFO  time: compiled programming_paradigms_bd2c96d2de in 90ms[0m
2023.10.22 01:21:55 INFO  time: indexed workspace in 0.88s[0m
2023.10.22 01:21:56 INFO  compiling programming_paradigms_bd2c96d2de (2 scala sources)[0m
2023.10.22 01:21:56 INFO  time: compiled programming_paradigms_bd2c96d2de in 83ms[0m
2023.10.22 01:23:15 INFO  compiling programming_paradigms_bd2c96d2de (2 scala sources)[0m
2023.10.22 01:23:15 INFO  time: compiled programming_paradigms_bd2c96d2de in 97ms[0m
2023.10.22 01:23:53 INFO  compiling programming_paradigms_bd2c96d2de (2 scala sources)[0m
2023.10.22 01:23:53 INFO  time: compiled programming_paradigms_bd2c96d2de in 81ms[0m
2023.10.22 01:23:55 INFO  compiling programming_paradigms_bd2c96d2de (2 scala sources)[0m
2023.10.22 01:23:55 INFO  time: compiled programming_paradigms_bd2c96d2de in 62ms[0m
2023.10.22 01:24:07 INFO  compiling programming_paradigms_bd2c96d2de (2 scala sources)[0m
2023.10.22 01:24:07 INFO  time: compiled programming_paradigms_bd2c96d2de in 74ms[0m
2023.10.22 01:24:51 INFO  compiling programming_paradigms_bd2c96d2de (2 scala sources)[0m
2023.10.22 01:24:51 INFO  time: compiled programming_paradigms_bd2c96d2de in 72ms[0m
2023.10.22 01:24:55 INFO  compiling programming_paradigms_bd2c96d2de (2 scala sources)[0m
2023.10.22 01:24:55 INFO  time: compiled programming_paradigms_bd2c96d2de in 59ms[0m
2023.10.22 01:25:25 INFO  Shutting down server[0m
2023.10.22 01:25:25 INFO  shutting down Metals[0m
2023.10.22 01:25:25 INFO  Shut down connection with build server.[0m
2023.10.22 01:25:25 INFO  Exiting server[0m
